#
# A fatal error has been detected by the Java Runtime Environment:
#
#  EXCEPTION_ACCESS_VIOLATION (0xc0000005) at pc=0x000000003e21597a, pid=5984, tid=11800
#
# JRE version: 7.0_11-b21
# Java VM: Java HotSpot(TM) 64-Bit Server VM (23.6-b04 mixed mode windows-amd64 compressed oops)
# Problematic frame:
# J  java.nio.DirectByteBuffer.getLong(I)J
#
# Failed to write core dump. Minidumps are not enabled by default on client versions of Windows
#
# If you would like to submit a bug report, please visit:
#   http://bugreport.sun.com/bugreport/crash.jsp
#

---------------  T H R E A D  ---------------

Current thread (0x0000000071aab000):  JavaThread "Main message loop" daemon [_thread_in_Java, id=11800, stack(0x000000011e170000,0x0000000122170000)]

siginfo: ExceptionCode=0xc0000005, reading address 0x0000000000000001

Registers:
RAX=0x00000000e023eaf8, RBX=0x00000000e023eaf8, RCX=0x00000000fa4718a8, RDX=0x00000000fa4718a8
RSP=0x000000012215c6f0, RBP=0x000000012215c780, RSI=0x00000000e3da4c58, RDI=0x0000000000000001
R8 =0x0000000000000000, R9 =0x00000000ebdeb9d8, R10=0x0000000000000001, R11=0x0000000000000001
R12=0x0000000000000000, R13=0x000000012215c730, R14=0x00000000e45a3450, R15=0x0000000071aab000
RIP=0x000000003e21597a, EFLAGS=0x0000000000010246

Top of Stack: (sp=0x000000012215c6f0)
0x000000012215c6f0:   00000000fa471828 000000003e306708
0x000000012215c700:   0000000000000001 0000000000000008
0x000000012215c710:   000000012215c780 000000003dc26315
0x000000012215c720:   000000012215c780 000000003dc26315
0x000000012215c730:   0000000000000000 00000000fa4718a8
0x000000012215c740:   000000012215c740 00000000e3c5dc86
0x000000012215c750:   000000012215c7a0 00000000e3c5ebf8
0x000000012215c760:   00000000e45a3450 00000000e3c5dca0
0x000000012215c770:   000000012215c730 000000012215c798
0x000000012215c780:   000000012215c7e8 000000003dc269c3
0x000000012215c790:   00000000fa4718a8 0000000000000000
0x000000012215c7a0:   00000000fa471828 000000012215c7a8
0x000000012215c7b0:   00000000e3da1348 000000012215c7f8
0x000000012215c7c0:   00000000e3db3d10 0000000000000000
0x000000012215c7d0:   00000000e3da1358 000000012215c798
0x000000012215c7e0:   000000012215c7f8 000000012215c848 

Instructions: (pc=0x000000003e21597a)
0x000000003e21595a:   ec 20 45 85 c0 7c 2e 44 8b 5a 1c 45 2b d8 41 83
0x000000003e21596a:   fb 08 7c 21 4c 8b 52 10 44 0f b6 5a 2a 4d 63 c0
0x000000003e21597a:   4b 8b 04 02 45 85 db 74 1e 48 83 c4 20 5d 85 05
0x000000003e21598a:   72 a6 7c ca c3 48 89 14 24 ba 39 00 00 00 66 66 


Register to memory mapping:

RAX=0x00000000e023eaf8 is an oop
{method} 
 - klass: {other class}
RBX=0x00000000e023eaf8 is an oop
{method} 
 - klass: {other class}
RCX=0x00000000fa4718a8 is an oop
java.nio.DirectByteBuffer 
 - klass: 'java/nio/DirectByteBuffer'
RDX=0x00000000fa4718a8 is an oop
java.nio.DirectByteBuffer 
 - klass: 'java/nio/DirectByteBuffer'
RSP=0x000000012215c6f0 is pointing into the stack for thread: 0x0000000071aab000
RBP=0x000000012215c780 is pointing into the stack for thread: 0x0000000071aab000
RSI=0x00000000e3da4c58 is an oop
{instance class} 
 - klass: {other class}
RDI=0x0000000000000001 is an unknown value
R8 =0x0000000000000000 is an unknown value
R9 =0x00000000ebdeb9d8 is an oop
java.lang.Class 
 - klass: 'java/lang/Class'
R10=0x0000000000000001 is an unknown value
R11=0x0000000000000001 is an unknown value
R12=0x0000000000000000 is an unknown value
R13=0x000000012215c730 is pointing into the stack for thread: 0x0000000071aab000
R14=0x00000000e45a3450 is an oop
{method data} 
 - klass: {other class}
R15=0x0000000071aab000 is a thread


Stack: [0x000000011e170000,0x0000000122170000],  sp=0x000000012215c6f0,  free space=65457k
Native frames: (J=compiled Java code, j=interpreted, Vv=VM code, C=native code)
J  java.nio.DirectByteBuffer.getLong(I)J
j  com.jniwrapper.win32.automation.types.SafeArray.getHandle()J+8
j  com.jniwrapper.win32.automation.types.SafeArray.acceptIOPerformer(Lcom/jniwrapper/IOPerformer;Lcom/jniwrapper/DataBuffer;IZZ)V+18
J  com.jniwrapper.Pointer.readReferencedObject(Z)V
j  com.jniwrapper.win32.automation.types.Variant.b(Lcom/jniwrapper/DataBuffer;IZILcom/jniwrapper/Parameter;)V+61
j  com.jniwrapper.win32.automation.types.Variant.read(Lcom/jniwrapper/DataBuffer;IZ)V+35
j  com.jniwrapper.win32.automation.types.Variant.acceptIOPerformer(Lcom/jniwrapper/IOPerformer;Lcom/jniwrapper/DataBuffer;IZZ)V+21


---------------  P R O C E S S  ---------------

Java Threads: ( => current thread )
  0x0000000071aa9800 JavaThread "Browser Events Thread" daemon [_thread_blocked, id=13856, stack(0x000000001e670000,0x0000000022670000)]
  0x0000000071aac000 JavaThread "Timer-2" daemon [_thread_blocked, id=3968, stack(0x0000000126170000,0x000000012a170000)]
=>0x0000000071aab000 JavaThread "Main message loop" daemon [_thread_in_Java, id=11800, stack(0x000000011e170000,0x0000000122170000)]
  0x0000000071aaa800 JavaThread "com.jniwrapper.NativeResourceCollector" daemon [_thread_blocked, id=7568, stack(0x000000011a170000,0x000000011e170000)]
  0x0000000077741000 JavaThread "Code Analyzer updating thread" [_thread_blocked, id=8276, stack(0x0000000122170000,0x0000000126170000)]
  0x000000004f8b8000 JavaThread "Code Analyzer updating thread" [_thread_blocked, id=14344, stack(0x00000000d8000000,0x00000000dc000000)]
  0x0000000077742000 JavaThread "Prefs Updater" daemon [_thread_blocked, id=15864, stack(0x0000000010fe0000,0x0000000014fe0000)]
  0x000000007773f800 JavaThread "Foxtrot Single Worker Thread #1" daemon [_thread_blocked, id=948, stack(0x0000000014fe0000,0x0000000018fe0000)]
  0x000000004f8b2800 JavaThread "Active Reference Queue Daemon" daemon [_thread_blocked, id=2880, stack(0x0000000108000000,0x000000010c000000)]
  0x000000004f8b2000 JavaThread "Timer-1" daemon [_thread_blocked, id=14536, stack(0x0000000104000000,0x0000000108000000)]
  0x000000004f8b1000 JavaThread "ClipboardMonitor Timer" daemon [_thread_blocked, id=14412, stack(0x0000000100000000,0x0000000104000000)]
  0x000000004f8b0800 JavaThread "Explorer NavigationContext request queue" daemon [_thread_blocked, id=12176, stack(0x00000000dc000000,0x00000000e0000000)]
  0x000000004f8af000 JavaThread "AddressBar directory emptiness poller" daemon [_thread_blocked, id=8428, stack(0x00000000d4000000,0x00000000d8000000)]
  0x000000004f8ae000 JavaThread "Explorer Refresh Service 1953003375" daemon [_thread_blocked, id=15364, stack(0x00000000d0000000,0x00000000d4000000)]
  0x000000004f8ab800 JavaThread "Thread-4" daemon [_thread_blocked, id=13144, stack(0x00000000c8000000,0x00000000cc000000)]
  0x000000004f8ab000 JavaThread "TimerQueue" daemon [_thread_blocked, id=6520, stack(0x00000000c0000000,0x00000000c4000000)]
  0x000000004f8aa000 JavaThread "Thread-3" daemon [_thread_blocked, id=12196, stack(0x00000000b0000000,0x00000000b4000000)]
  0x000000004f5b2800 JavaThread "FelixPackageAdmin" daemon [_thread_blocked, id=2360, stack(0x00000000bc000000,0x00000000c0000000)]
  0x000000004f5b1800 JavaThread "FelixStartLevel" daemon [_thread_blocked, id=13840, stack(0x00000000b8000000,0x00000000bc000000)]
  0x000000004f454800 JavaThread "FelixDispatchQueue" daemon [_thread_blocked, id=3876, stack(0x00000000b4000000,0x00000000b8000000)]
  0x000000004f457800 JavaThread "AWT-EventQueue-0" [_thread_blocked, id=10552, stack(0x00000000ac000000,0x00000000b0000000)]
  0x000000004f204800 JavaThread "com.google.common.base.internal.Finalizer" daemon [_thread_blocked, id=3496, stack(0x00000000a8000000,0x00000000ac000000)]
  0x000000004f1eb800 JavaThread "AWT-Windows" daemon [_thread_in_native, id=11756, stack(0x00000000a0000000,0x00000000a4000000)]
  0x000000004f1ea800 JavaThread "AWT-Shutdown" [_thread_blocked, id=12260, stack(0x000000009c000000,0x00000000a0000000)]
  0x000000004f0ef000 JavaThread "Java2D Disposer" daemon [_thread_blocked, id=13012, stack(0x0000000098000000,0x000000009c000000)]
  0x000000004eeb7000 JavaThread "Timer-0" [_thread_blocked, id=13564, stack(0x0000000094000000,0x0000000098000000)]
  0x000000004eecd000 JavaThread "EventMgr Dispatcher" daemon [_thread_in_native, id=13788, stack(0x0000000090000000,0x0000000094000000)]
  0x000000003d68d800 JavaThread "Service Thread" daemon [_thread_blocked, id=16180, stack(0x0000000088000000,0x000000008c000000)]
  0x000000003d68b000 JavaThread "C2 CompilerThread1" daemon [_thread_blocked, id=5076, stack(0x0000000084000000,0x0000000088000000)]
  0x000000003d686000 JavaThread "C2 CompilerThread0" daemon [_thread_blocked, id=15732, stack(0x0000000080000000,0x0000000084000000)]
  0x000000003d681800 JavaThread "Attach Listener" daemon [_thread_blocked, id=11600, stack(0x00000000799e0000,0x000000007d9e0000)]
  0x000000003d5ee000 JavaThread "Finalizer" daemon [_thread_blocked, id=9808, stack(0x0000000072770000,0x0000000076770000)]
  0x000000003d5e8000 JavaThread "Reference Handler" daemon [_thread_blocked, id=3324, stack(0x0000000063740000,0x0000000067740000)]
  0x000000000ec99000 JavaThread "main" [_thread_in_native, id=11720, stack(0x0000000000030000,0x0000000004030000)]

Other Threads:
  0x000000003d5e3800 VMThread [stack: 0x000000005ccc0000,0x0000000060cc0000] [id=14268]
  0x000000003d6d9000 WatcherThread [stack: 0x000000008c000000,0x0000000090000000] [id=12844]

VM state:not at safepoint (normal execution)

VM Mutex/Monitor currently owned by a thread: None

Heap
 PSYoungGen      total 50496K, used 13162K [0x00000000fa000000, 0x00000000fe0b0000, 0x0000000100000000)
  eden space 35008K, 13% used [0x00000000fa000000,0x00000000fa4a1530,0x00000000fc230000)
  from space 15488K, 54% used [0x00000000fd190000,0x00000000fd9c9470,0x00000000fe0b0000)
  to   space 15616K, 0% used [0x00000000fc230000,0x00000000fc230000,0x00000000fd170000)
 ParOldGen       total 130560K, used 66021K [0x00000000e8000000, 0x00000000eff80000, 0x00000000fa000000)
  object space 130560K, 50% used [0x00000000e8000000,0x00000000ec079558,0x00000000eff80000)
 PSPermGen       total 113728K, used 71721K [0x00000000e0000000, 0x00000000e6f10000, 0x00000000e8000000)
  object space 113728K, 63% used [0x00000000e0000000,0x00000000e460a618,0x00000000e6f10000)

Card table byte_map: [0x0000000009ef0000,0x000000000a000000] byte_map_base: 0x00000000097f0000

Polling page: 0x00000000089e0000

Code Cache  [0x000000003dc20000, 0x000000003e420000, 0x0000000040c20000)
 total_blobs=3390 nmethods=2685 adapters=653 free_code_cache=41202Kb largest_free_block=41985984

Compilation events (10 events):
Event: 57215.798 Thread 0x000000003d686000 3005             com.jniwrapper.Pointer::getReferencedObject (22 bytes)
Event: 57215.799 Thread 0x000000003d686000 nmethod 3005 0x000000003e254a90 code [0x000000003e254be0, 0x000000003e254cf8]
Event: 57216.062 Thread 0x000000003d68b000 3006             com.jniwrapper.Pointer::<init> (32 bytes)
Event: 57216.064 Thread 0x000000003d68b000 nmethod 3006 0x000000003e227d50 code [0x000000003e227ec0, 0x000000003e228058]
Event: 57216.117 Thread 0x000000003d686000 3007             com.jniwrapper.Int16::setValue (17 bytes)
Event: 57216.118 Thread 0x000000003d686000 nmethod 3007 0x000000003e3e5f90 code [0x000000003e3e60e0, 0x000000003e3e61d8]
Event: 57216.617 Thread 0x000000003d68b000 3008             com.jniwrapper.BufferFactory14::createExternMemoryBuffer (6 bytes)
Event: 57216.619 Thread 0x000000003d68b000 nmethod 3008 0x000000003e306390 code [0x000000003e306520, 0x000000003e306828]
Event: 57216.744 Thread 0x000000003d686000 3009             com.jniwrapper.PlatformContext::getIntLength (13 bytes)
Event: 57216.745 Thread 0x000000003d686000 nmethod 3009 0x000000003dc97b10 code [0x000000003dc97c60, 0x000000003dc97ce8]

GC Heap History (10 events):
Event: 57191.304 GC heap before
{Heap before GC invocations=122 (full 4):
 PSYoungGen      total 36544K, used 36516K [0x00000000fa000000, 0x00000000fe460000, 0x0000000100000000)
  eden space 32640K, 100% used [0x00000000fa000000,0x00000000fbfe0000,0x00000000fbfe0000)
  from space 3904K, 99% used [0x00000000fbfe0000,0x00000000fc3a9378,0x00000000fc3b0000)
  to   space 18240K, 0% used [0x00000000fd290000,0x00000000fd290000,0x00000000fe460000)
 ParOldGen       total 130560K, used 66021K [0x00000000e8000000, 0x00000000eff80000, 0x00000000fa000000)
  object space 130560K, 50% used [0x00000000e8000000,0x00000000ec079558,0x00000000eff80000)
 PSPermGen       total 113728K, used 70818K [0x00000000e0000000, 0x00000000e6f10000, 0x00000000e8000000)
  object space 113728K, 62% used [0x00000000e0000000,0x00000000e4528b88,0x00000000e6f10000)
Event: 57191.309 GC heap after
Heap after GC invocations=122 (full 4):
 PSYoungGen      total 49344K, used 4813K [0x00000000fa000000, 0x00000000fe220000, 0x0000000100000000)
  eden space 33408K, 0% used [0x00000000fa000000,0x00000000fa000000,0x00000000fc0a0000)
  from space 15936K, 30% used [0x00000000fd290000,0x00000000fd7435d0,0x00000000fe220000)
  to   space 17152K, 0% used [0x00000000fc0a0000,0x00000000fc0a0000,0x00000000fd160000)
 ParOldGen       total 130560K, used 66021K [0x00000000e8000000, 0x00000000eff80000, 0x00000000fa000000)
  object space 130560K, 50% used [0x00000000e8000000,0x00000000ec079558,0x00000000eff80000)
 PSPermGen       total 113728K, used 70818K [0x00000000e0000000, 0x00000000e6f10000, 0x00000000e8000000)
  object space 113728K, 62% used [0x00000000e0000000,0x00000000e4528b88,0x00000000e6f10000)
}
Event: 57193.655 GC heap before
{Heap before GC invocations=123 (full 4):
 PSYoungGen      total 49344K, used 38221K [0x00000000fa000000, 0x00000000fe220000, 0x0000000100000000)
  eden space 33408K, 100% used [0x00000000fa000000,0x00000000fc0a0000,0x00000000fc0a0000)
  from space 15936K, 30% used [0x00000000fd290000,0x00000000fd7435d0,0x00000000fe220000)
  to   space 17152K, 0% used [0x00000000fc0a0000,0x00000000fc0a0000,0x00000000fd160000)
 ParOldGen       total 130560K, used 66021K [0x00000000e8000000, 0x00000000eff80000, 0x00000000fa000000)
  object space 130560K, 50% used [0x00000000e8000000,0x00000000ec079558,0x00000000eff80000)
 PSPermGen       total 113728K, used 71308K [0x00000000e0000000, 0x00000000e6f10000, 0x00000000e8000000)
  object space 113728K, 62% used [0x00000000e0000000,0x00000000e45a30f0,0x00000000e6f10000)
Event: 57193.661 GC heap after
Heap after GC invocations=123 (full 4):
 PSYoungGen      total 39616K, used 6203K [0x00000000fa000000, 0x00000000fe120000, 0x0000000100000000)
  eden space 33408K, 0% used [0x00000000fa000000,0x00000000fa000000,0x00000000fc0a0000)
  from space 6208K, 99% used [0x00000000fc0a0000,0x00000000fc6aef50,0x00000000fc6b0000)
  to   space 16192K, 0% used [0x00000000fd150000,0x00000000fd150000,0x00000000fe120000)
 ParOldGen       total 130560K, used 66021K [0x00000000e8000000, 0x00000000eff80000, 0x00000000fa000000)
  object space 130560K, 50% used [0x00000000e8000000,0x00000000ec079558,0x00000000eff80000)
 PSPermGen       total 113728K, used 71308K [0x00000000e0000000, 0x00000000e6f10000, 0x00000000e8000000)
  object space 113728K, 62% used [0x00000000e0000000,0x00000000e45a30f0,0x00000000e6f10000)
}
Event: 57198.135 GC heap before
{Heap before GC invocations=124 (full 4):
 PSYoungGen      total 39616K, used 39611K [0x00000000fa000000, 0x00000000fe120000, 0x0000000100000000)
  eden space 33408K, 100% used [0x00000000fa000000,0x00000000fc0a0000,0x00000000fc0a0000)
  from space 6208K, 99% used [0x00000000fc0a0000,0x00000000fc6aef50,0x00000000fc6b0000)
  to   space 16192K, 0% used [0x00000000fd150000,0x00000000fd150000,0x00000000fe120000)
 ParOldGen       total 130560K, used 66021K [0x00000000e8000000, 0x00000000eff80000, 0x00000000fa000000)
  object space 130560K, 50% used [0x00000000e8000000,0x00000000ec079558,0x00000000eff80000)
 PSPermGen       total 113728K, used 71670K [0x00000000e0000000, 0x00000000e6f10000, 0x00000000e8000000)
  object space 113728K, 63% used [0x00000000e0000000,0x00000000e45fd838,0x00000000e6f10000)
Event: 57198.143 GC heap after
Heap after GC invocations=124 (full 4):
 PSYoungGen      total 50112K, used 8130K [0x00000000fa000000, 0x00000000fe0d0000, 0x0000000100000000)
  eden space 34240K, 0% used [0x00000000fa000000,0x00000000fa000000,0x00000000fc170000)
  from space 15872K, 51% used [0x00000000fd150000,0x00000000fd940ae0,0x00000000fe0d0000)
  to   space 16064K, 0% used [0x00000000fc170000,0x00000000fc170000,0x00000000fd120000)
 ParOldGen       total 130560K, used 66021K [0x00000000e8000000, 0x00000000eff80000, 0x00000000fa000000)
  object space 130560K, 50% used [0x00000000e8000000,0x00000000ec079558,0x00000000eff80000)
 PSPermGen       total 113728K, used 71670K [0x00000000e0000000, 0x00000000e6f10000, 0x00000000e8000000)
  object space 113728K, 63% used [0x00000000e0000000,0x00000000e45fd838,0x00000000e6f10000)
}
Event: 57208.200 GC heap before
{Heap before GC invocations=125 (full 4):
 PSYoungGen      total 50112K, used 42370K [0x00000000fa000000, 0x00000000fe0d0000, 0x0000000100000000)
  eden space 34240K, 100% used [0x00000000fa000000,0x00000000fc170000,0x00000000fc170000)
  from space 15872K, 51% used [0x00000000fd150000,0x00000000fd940ae0,0x00000000fe0d0000)
  to   space 16064K, 0% used [0x00000000fc170000,0x00000000fc170000,0x00000000fd120000)
 ParOldGen       total 130560K, used 66021K [0x00000000e8000000, 0x00000000eff80000, 0x00000000fa000000)
  object space 130560K, 50% used [0x00000000e8000000,0x00000000ec079558,0x00000000eff80000)
 PSPermGen       total 113728K, used 71705K [0x00000000e0000000, 0x00000000e6f10000, 0x00000000e8000000)
  object space 113728K, 63% used [0x00000000e0000000,0x00000000e46066a8,0x00000000e6f10000)
Event: 57208.209 GC heap after
Heap after GC invocations=125 (full 4):
 PSYoungGen      total 50304K, used 7828K [0x00000000fa000000, 0x00000000fe0f0000, 0x0000000100000000)
  eden space 34240K, 0% used [0x00000000fa000000,0x00000000fa000000,0x00000000fc170000)
  from space 16064K, 48% used [0x00000000fc170000,0x00000000fc9152a0,0x00000000fd120000)
  to   space 15744K, 0% used [0x00000000fd190000,0x00000000fd190000,0x00000000fe0f0000)
 ParOldGen       total 130560K, used 66021K [0x00000000e8000000, 0x00000000eff80000, 0x00000000fa000000)
  object space 130560K, 50% used [0x00000000e8000000,0x00000000ec079558,0x00000000eff80000)
 PSPermGen       total 113728K, used 71705K [0x00000000e0000000, 0x00000000e6f10000, 0x00000000e8000000)
  object space 113728K, 63% used [0x00000000e0000000,0x00000000e46066a8,0x00000000e6f10000)
}
Event: 57216.729 GC heap before
{Heap before GC invocations=126 (full 4):
 PSYoungGen      total 50304K, used 42068K [0x00000000fa000000, 0x00000000fe0f0000, 0x0000000100000000)
  eden space 34240K, 100% used [0x00000000fa000000,0x00000000fc170000,0x00000000fc170000)
  from space 16064K, 48% used [0x00000000fc170000,0x00000000fc9152a0,0x00000000fd120000)
  to   space 15744K, 0% used [0x00000000fd190000,0x00000000fd190000,0x00000000fe0f0000)
 ParOldGen       total 130560K, used 66021K [0x00000000e8000000, 0x00000000eff80000, 0x00000000fa000000)
  object space 130560K, 50% used [0x00000000e8000000,0x00000000ec079558,0x00000000eff80000)
 PSPermGen       total 113728K, used 71720K [0x00000000e0000000, 0x00000000e6f10000, 0x00000000e8000000)
  object space 113728K, 63% used [0x00000000e0000000,0x00000000e460a288,0x00000000e6f10000)
Event: 57216.741 GC heap after
Heap after GC invocations=126 (full 4):
 PSYoungGen      total 50496K, used 8421K [0x00000000fa000000, 0x00000000fe0b0000, 0x0000000100000000)
  eden space 35008K, 0% used [0x00000000fa000000,0x00000000fa000000,0x00000000fc230000)
  from space 15488K, 54% used [0x00000000fd190000,0x00000000fd9c9470,0x00000000fe0b0000)
  to   space 15616K, 0% used [0x00000000fc230000,0x00000000fc230000,0x00000000fd170000)
 ParOldGen       total 130560K, used 66021K [0x00000000e8000000, 0x00000000eff80000, 0x00000000fa000000)
  object space 130560K, 50% used [0x00000000e8000000,0x00000000ec079558,0x00000000eff80000)
 PSPermGen       total 113728K, used 71720K [0x00000000e0000000, 0x00000000e6f10000, 0x00000000e8000000)
  object space 113728K, 63% used [0x00000000e0000000,0x00000000e460a288,0x00000000e6f10000)
}

Deoptimization events (10 events):
Event: 57195.241 Thread 0x000000007e8d6000 Uncommon trap -34 fr.pc 0x000000003df21d80
Event: 57199.759 Thread 0x0000000071aab000 Uncommon trap -12 fr.pc 0x000000003e197134
Event: 57200.086 Thread 0x0000000071aab000 Uncommon trap -122 fr.pc 0x000000003dfc5970
Event: 57200.336 Thread 0x0000000071aab000 Uncommon trap -12 fr.pc 0x000000003e3dc3f4
Event: 57208.615 Thread 0x0000000071aab000 Uncommon trap -34 fr.pc 0x000000003ddc24c0
Event: 57208.615 Thread 0x0000000071aab000 Uncommon trap -58 fr.pc 0x000000003df8bd18
Event: 57208.672 Thread 0x000000007e8d7000 Uncommon trap -34 fr.pc 0x000000003df21d80
Event: 57208.672 Thread 0x000000007e8d7000 Uncommon trap -34 fr.pc 0x000000003df21d80
Event: 57216.806 Thread 0x0000000071aab000 Uncommon trap -34 fr.pc 0x000000003ddc24c0
Event: 57216.806 Thread 0x0000000071aab000 Uncommon trap -58 fr.pc 0x000000003df8bd18

Internal exceptions (10 events):
Event: 57208.543 Thread 0x0000000071aab000 Threw 0x00000000fa67d508 at C:\jdk7u1_64p\jdk7u11\hotspot\src\share\vm\classfile\systemDictionary.cpp:179
Event: 57208.543 Thread 0x0000000071aab000 Threw 0x00000000fa67dbd8 at C:\jdk7u1_64p\jdk7u11\hotspot\src\share\vm\prims\jvm.cpp:1166
Event: 57208.544 Thread 0x0000000071aab000 Threw 0x00000000fa69fc58 at C:\jdk7u1_64p\jdk7u11\hotspot\src\share\vm\prims\jvm.cpp:1166
Event: 57208.544 Thread 0x0000000071aab000 Threw 0x00000000fa6a0110 at C:\jdk7u1_64p\jdk7u11\hotspot\src\share\vm\classfile\systemDictionary.cpp:179
Event: 57208.544 Thread 0x0000000071aab000 Threw 0x00000000fa6a08f0 at C:\jdk7u1_64p\jdk7u11\hotspot\src\share\vm\prims\jvm.cpp:1166
Event: 57208.544 Thread 0x0000000071aab000 Threw 0x00000000fa6be5c0 at C:\jdk7u1_64p\jdk7u11\hotspot\src\share\vm\prims\jvm.cpp:1166
Event: 57208.595 Thread 0x0000000071aab000 Threw 0x00000000fa7ca6f0 at C:\jdk7u1_64p\jdk7u11\hotspot\src\share\vm\runtime\reflection.cpp:1039
Event: 57208.614 Thread 0x0000000071aab000 Threw 0x00000000faa3d890 at C:\jdk7u1_64p\jdk7u11\hotspot\src\share\vm\prims\jvm.cpp:1166
Event: 57216.714 Thread 0x0000000071aab000 Threw 0x00000000fc0be770 at C:\jdk7u1_64p\jdk7u11\hotspot\src\share\vm\runtime\reflection.cpp:1039
Event: 57216.806 Thread 0x0000000071aab000 Implicit null exception at 0x000000003e21597a to 0x0000000000000000

Events (10 events):
Event: 57211.898 Thread 0x000000003d68b000 flushing nmethod 0x000000003e254850
Event: 57213.919 Thread 0x000000003d686000 flushing nmethod 0x000000003e2e3750
Event: 57213.919 Thread 0x000000003d686000 flushing nmethod 0x000000003e306250
Event: 57215.799 Thread 0x000000003d686000 flushing nmethod 0x000000003dc97b10
Event: 57216.729 Executing VM operation: ParallelGCFailedAllocation
Event: 57216.741 Executing VM operation: ParallelGCFailedAllocation done
Event: 57216.806 Thread 0x0000000071aab000 DEOPT PACKING pc=0x000000003ddc24c0 sp=0x000000012215c4b0
Event: 57216.806 Thread 0x0000000071aab000 DEOPT UNPACKING pc=0x000000003dc59164 sp=0x000000012215c458 mode 2
Event: 57216.806 Thread 0x0000000071aab000 DEOPT PACKING pc=0x000000003df8bd18 sp=0x000000012215c4d0
Event: 57216.806 Thread 0x0000000071aab000 DEOPT UNPACKING pc=0x000000003dc59164 sp=0x000000012215c440 mode 2


Dynamic libraries:
0x0000000140000000 - 0x0000000140029000 	C:\Program Files\MATLAB\R2013b\bin\win64\MATLAB.exe
0x0000000077460000 - 0x000000007760a000 	C:\Windows\SYSTEM32\ntdll.dll
0x00000000771c0000 - 0x00000000772df000 	C:\Windows\system32\kernel32.dll
0x000007fefd250000 - 0x000007fefd2ba000 	C:\Windows\system32\KERNELBASE.dll
0x000000006f060000 - 0x000000006f3dc000 	C:\Program Files\MATLAB\R2013b\bin\win64\libmwservices.dll
0x000000006fe80000 - 0x000000006ff56000 	C:\Program Files\MATLAB\R2013b\bin\win64\libmwi18n.dll
0x000000006fe70000 - 0x000000006fe7d000 	C:\Program Files\MATLAB\R2013b\bin\win64\libmwresource_core.dll
0x000000006a910000 - 0x000000006a9a8000 	C:\Program Files\MATLAB\R2013b\bin\win64\MSVCP100.dll
0x0000000063660000 - 0x0000000063732000 	C:\Program Files\MATLAB\R2013b\bin\win64\MSVCR100.dll
0x000000006d7e0000 - 0x000000006d7ee000 	C:\Program Files\MATLAB\R2013b\bin\win64\boost_date_time-vc100-mt-1_49.dll
0x000000006d540000 - 0x000000006d56c000 	C:\Program Files\MATLAB\R2013b\bin\win64\boost_filesystem-vc100-mt-1_49.dll
0x000000006d7d0000 - 0x000000006d7d9000 	C:\Program Files\MATLAB\R2013b\bin\win64\boost_system-vc100-mt-1_49.dll
0x000007fefde80000 - 0x000007fefdf5b000 	C:\Windows\system32\ADVAPI32.dll
0x000007fefdc70000 - 0x000007fefdd0f000 	C:\Windows\system32\msvcrt.dll
0x000007fefdf60000 - 0x000007fefdf7f000 	C:\Windows\SYSTEM32\sechost.dll
0x000007fefdd50000 - 0x000007fefde7d000 	C:\Windows\system32\RPCRT4.dll
0x000000006ae30000 - 0x000000006ae55000 	C:\Program Files\MATLAB\R2013b\bin\win64\LIBEXPAT.dll
0x0000000050b30000 - 0x0000000050cba000 	C:\Program Files\MATLAB\R2013b\bin\win64\icuin49.dll
0x00000000630f0000 - 0x000000006322e000 	C:\Program Files\MATLAB\R2013b\bin\win64\icuuc49.dll
0x000000000feb0000 - 0x0000000010fd2000 	C:\Program Files\MATLAB\R2013b\bin\win64\icudt49.dll
0x000000006d530000 - 0x000000006d540000 	C:\Program Files\MATLAB\R2013b\bin\win64\icuio49.dll
0x0000000004230000 - 0x00000000042eb000 	C:\Program Files\MATLAB\R2013b\bin\win64\libut.dll
0x000000006f960000 - 0x000000006fb07000 	C:\Program Files\MATLAB\R2013b\bin\win64\libmwfl.dll
0x00000000042f0000 - 0x00000000046ff000 	C:\Program Files\MATLAB\R2013b\bin\win64\libmwMATLAB_res.dll
0x00000000696d0000 - 0x00000000697af000 	C:\Program Files\MATLAB\R2013b\bin\win64\boost_regex-vc100-mt-1_49.dll
0x0000000077360000 - 0x000000007745a000 	C:\Windows\system32\USER32.dll
0x000007feff220000 - 0x000007feff287000 	C:\Windows\system32\GDI32.dll
0x000007fefda80000 - 0x000007fefda8e000 	C:\Windows\system32\LPK.dll
0x000007feff150000 - 0x000007feff21a000 	C:\Windows\system32\USP10.dll
0x000000006cc10000 - 0x000000006cc21000 	C:\Program Files\MATLAB\R2013b\bin\win64\boost_signals-vc100-mt-1_49.dll
0x000000006ae10000 - 0x000000006ae21000 	C:\Program Files\MATLAB\R2013b\bin\win64\boost_thread-vc100-mt-1_49.dll
0x00000000694a0000 - 0x000000006952c000 	C:\Program Files\MATLAB\R2013b\bin\win64\boost_log-vc100-mt-1_49.dll
0x0000000077630000 - 0x0000000077637000 	C:\Windows\system32\PSAPI.DLL
0x000007fefd650000 - 0x000007fefd69d000 	C:\Windows\system32\WS2_32.dll
0x000007fefdd10000 - 0x000007fefdd18000 	C:\Windows\system32\NSI.dll
0x000007fef7280000 - 0x000007fef72b3000 	C:\Program Files\MATLAB\R2013b\bin\win64\tbb.dll
0x000007fefe340000 - 0x000007fefe359000 	C:\Windows\system32\imagehlp.dll
0x000007fefc260000 - 0x000007fefc28c000 	C:\Windows\system32\POWRPROF.dll
0x000007fefda90000 - 0x000007fefdc67000 	C:\Windows\system32\SETUPAPI.dll
0x000007fefd3a0000 - 0x000007fefd3d6000 	C:\Windows\system32\CFGMGR32.dll
0x000007fefe260000 - 0x000007fefe33a000 	C:\Windows\system32\OLEAUT32.dll
0x000007feff4c0000 - 0x000007feff6c3000 	C:\Windows\system32\ole32.dll
0x000007fefd2c0000 - 0x000007fefd2da000 	C:\Windows\system32\DEVOBJ.dll
0x0000000004700000 - 0x00000000047fb000 	C:\Program Files\MATLAB\R2013b\bin\win64\libmx.dll
0x000007fef8130000 - 0x000007fef8158000 	C:\Program Files\MATLAB\R2013b\bin\win64\tbbmalloc.dll
0x000000006ac60000 - 0x000000006ac77000 	C:\Program Files\MATLAB\R2013b\bin\win64\zlib1.dll
0x000000006ef00000 - 0x000000006ef4e000 	C:\Program Files\MATLAB\R2013b\bin\win64\libmwregexp.dll
0x000000006eeb0000 - 0x000000006eef7000 	C:\Program Files\MATLAB\R2013b\bin\win64\mpath.dll
0x0000000004800000 - 0x0000000004e28000 	C:\Program Files\MATLAB\R2013b\bin\win64\mlutil.dll
0x000000006e870000 - 0x000000006e8e7000 	C:\Program Files\MATLAB\R2013b\bin\win64\xmlcore.dll
0x00000000508e0000 - 0x0000000050b21000 	C:\Program Files\MATLAB\R2013b\bin\win64\xerces-c_2_7.dll
0x000000006e5f0000 - 0x000000006e613000 	C:\Program Files\MATLAB\R2013b\bin\win64\libmwMATLAB_settings_res.dll
0x000000006ac50000 - 0x000000006ac60000 	C:\Program Files\MATLAB\R2013b\bin\win64\boost_iostreams-vc100-mt-1_49.dll
0x000000006a690000 - 0x000000006a6d6000 	C:\Program Files\MATLAB\R2013b\bin\win64\boost_serialization-vc100-mt-1_49.dll
0x000007fefe360000 - 0x000007feff0ea000 	C:\Windows\system32\SHELL32.dll
0x000007fefd5d0000 - 0x000007fefd641000 	C:\Windows\system32\SHLWAPI.dll
0x000000006e580000 - 0x000000006e586000 	C:\Program Files\MATLAB\R2013b\bin\win64\libmwnativedisplay.dll
0x00000000685f0000 - 0x000000006863d000 	C:\Program Files\MATLAB\R2013b\bin\win64\opccore.dll
0x00000000684f0000 - 0x00000000685c6000 	C:\Program Files\MATLAB\R2013b\bin\win64\opcmodel.dll
0x00000000684c0000 - 0x00000000684ed000 	C:\Program Files\MATLAB\R2013b\bin\win64\opczippackage.dll
0x000000006abc0000 - 0x000000006abce000 	C:\Program Files\MATLAB\R2013b\bin\win64\libminizip.dll
0x0000000068340000 - 0x00000000683a6000 	C:\Program Files\MATLAB\R2013b\bin\win64\opcmwservices.dll
0x000007feef5b0000 - 0x000007feef650000 	C:\Windows\WinSxS\amd64_microsoft.windows.common-controls_6595b64144ccf1df_5.82.7601.18837_none_a4d981ff711297b6\COMCTL32.dll
0x000007feff6d0000 - 0x000007feff767000 	C:\Windows\system32\COMDLG32.dll
0x000007fefafc0000 - 0x000007fefafd6000 	C:\Windows\system32\NETAPI32.dll
0x000007fefcc40000 - 0x000007fefcc4c000 	C:\Windows\system32\netutils.dll
0x000007fefccd0000 - 0x000007fefccf3000 	C:\Windows\system32\srvcli.dll
0x000007fefaf90000 - 0x000007fefafa5000 	C:\Windows\system32\wkscli.dll
0x000000006e4d0000 - 0x000000006e57d000 	C:\Program Files\MATLAB\R2013b\bin\win64\mcr.dll
0x000000006e110000 - 0x000000006e4d0000 	C:\Program Files\MATLAB\R2013b\bin\win64\iqm.dll
0x0000000180000000 - 0x00000001800c2000 	C:\Program Files\MATLAB\R2013b\bin\win64\m_dispatcher.dll
0x0000000004e30000 - 0x000000000562b000 	C:\Program Files\MATLAB\R2013b\bin\win64\m_interpreter.dll
0x000000006d760000 - 0x000000006d784000 	C:\Program Files\MATLAB\R2013b\bin\win64\libmex.dll
0x000000006d6e0000 - 0x000000006d75b000 	C:\Program Files\MATLAB\R2013b\bin\win64\profiler.dll
0x0000000005630000 - 0x00000000057a8000 	C:\Program Files\MATLAB\R2013b\bin\win64\libmwmathutil.dll
0x000000006d420000 - 0x000000006d447000 	C:\Program Files\MATLAB\R2013b\bin\win64\libmwmathrng.dll
0x000000006d410000 - 0x000000006d420000 	C:\Program Files\MATLAB\R2013b\bin\win64\libmwmfl_rng.dll
0x00000000057b0000 - 0x00000000058c8000 	C:\Program Files\MATLAB\R2013b\bin\win64\libmwmathcore.dll
0x000000006d2b0000 - 0x000000006d313000 	C:\Program Files\MATLAB\R2013b\bin\win64\libmwspmatrix.dll
0x00000000058d0000 - 0x0000000005b32000 	C:\Program Files\MATLAB\R2013b\bin\win64\mcos.dll
0x000000006cfc0000 - 0x000000006d01c000 	C:\Program Files\MATLAB\R2013b\bin\win64\libmwcholmod.dll
0x000000006cfb0000 - 0x000000006cfbc000 	C:\Program Files\MATLAB\R2013b\bin\win64\libmwamd.dll
0x000000006cfa0000 - 0x000000006cfab000 	C:\Program Files\MATLAB\R2013b\bin\win64\libmwcolamd.dll
0x000000006cf80000 - 0x000000006cf93000 	C:\Program Files\MATLAB\R2013b\bin\win64\libmwblas.dll
0x000000006cf60000 - 0x000000006cf75000 	C:\Program Files\MATLAB\R2013b\bin\win64\libmwbinder.dll
0x000000006cf50000 - 0x000000006cf5b000 	C:\Program Files\MATLAB\R2013b\bin\win64\libmwompwrapper.dll
0x000000006ced0000 - 0x000000006cf4f000 	C:\Program Files\MATLAB\R2013b\bin\win64\libmwlapack.dll
0x000000006ceb0000 - 0x000000006ced0000 	C:\Program Files\MATLAB\R2013b\bin\win64\m_pcodeio.dll
0x000000006ce50000 - 0x000000006ceac000 	C:\Program Files\MATLAB\R2013b\bin\win64\m_ir.dll
0x0000000005b40000 - 0x00000000061f5000 	C:\Program Files\MATLAB\R2013b\bin\win64\m_parser.dll
0x000000006c780000 - 0x000000006c797000 	C:\Program Files\MATLAB\R2013b\bin\win64\ir_xfmr.dll
0x000000006c770000 - 0x000000006c780000 	C:\Program Files\MATLAB\R2013b\bin\win64\mtok.dll
0x000000006c740000 - 0x000000006c768000 	C:\Program Files\MATLAB\R2013b\bin\win64\m_pcodegen.dll
0x000007fefac00000 - 0x000007fefad25000 	C:\Windows\system32\dbghelp.dll
0x000000006c710000 - 0x000000006c73f000 	C:\Program Files\MATLAB\R2013b\bin\win64\libmwbridge.dll
0x000000006c650000 - 0x000000006c706000 	C:\Program Files\MATLAB\R2013b\bin\win64\udd.dll
0x0000000006200000 - 0x0000000006351000 	C:\Program Files\MATLAB\R2013b\bin\win64\libmwgui.dll
0x000000006c4d0000 - 0x000000006c4f8000 	C:\Program Files\MATLAB\R2013b\bin\win64\graphics_util.dll
0x0000000062ed0000 - 0x0000000062f88000 	C:\Program Files\MATLAB\R2013b\bin\win64\libtex_base.dll
0x000000006bac0000 - 0x000000006c426000 	C:\Program Files\MATLAB\R2013b\bin\win64\hg.dll
0x000000006ba60000 - 0x000000006babd000 	C:\Program Files\MATLAB\R2013b\bin\win64\libmat.dll
0x000000006b850000 - 0x000000006ba58000 	C:\Program Files\MATLAB\R2013b\bin\win64\hdf5dll.dll
0x000000006b780000 - 0x000000006b848000 	C:\Program Files\MATLAB\R2013b\bin\win64\jmi.dll
0x000000006b770000 - 0x000000006b77e000 	C:\Program Files\MATLAB\R2013b\bin\win64\nativejava_services.dll
0x0000000006360000 - 0x00000000063a2000 	C:\Program Files\MATLAB\R2013b\bin\win64\libmwhardcopy.dll
0x000000006b6d0000 - 0x000000006b72e000 	C:\Program Files\MATLAB\R2013b\bin\win64\libuij.dll
0x000000006b490000 - 0x000000006b695000 	C:\Program Files\MATLAB\R2013b\bin\win64\hgdatatypes.dll
0x00000000063b0000 - 0x00000000064c2000 	C:\Program Files\MATLAB\R2013b\bin\win64\hgutils.dll
0x000000006b2f0000 - 0x000000006b39e000 	C:\Program Files\MATLAB\R2013b\bin\win64\udd_mi.dll
0x000000006b2b0000 - 0x000000006b2e6000 	C:\Program Files\MATLAB\R2013b\bin\win64\libmwgbtutils.dll
0x000000006b290000 - 0x000000006b2a3000 	C:\Program Files\MATLAB\R2013b\bin\win64\libmwgbt.dll
0x000000006afc0000 - 0x000000006b28f000 	C:\Program Files\MATLAB\R2013b\bin\win64\uiw.dll
0x000000006afb0000 - 0x000000006afb9000 	C:\Program Files\MATLAB\R2013b\bin\win64\uinone.dll
0x000000006af80000 - 0x000000006afac000 	C:\Program Files\MATLAB\R2013b\bin\win64\libmwnativedialogs.dll
0x000000006af70000 - 0x000000006af7c000 	C:\Program Files\MATLAB\R2013b\bin\win64\libmwplatform_res.dll
0x000007fef9f30000 - 0x000007fef9f48000 	C:\Windows\system32\MPR.dll
0x0000000079480000 - 0x00000000799dd000 	C:\Program Files\MATLAB\R2013b\bin\win64\mfc100.dll
0x000007fefa190000 - 0x000007fefa197000 	C:\Windows\system32\MSIMG32.dll
0x000007fef4800000 - 0x000007fef4871000 	C:\Windows\system32\WINSPOOL.DRV
0x000000006af50000 - 0x000000006af6d000 	C:\Program Files\MATLAB\R2013b\bin\win64\mwoles05.DLL
0x000000006aee0000 - 0x000000006af4c000 	C:\Program Files\MATLAB\R2013b\bin\win64\comcli.dll
0x000000006ab90000 - 0x000000006abbb000 	C:\Program Files\MATLAB\R2013b\bin\win64\ATL100.DLL
0x000000006aed0000 - 0x000000006aedc000 	C:\Program Files\MATLAB\R2013b\bin\win64\mlautoregister.dll
0x00000000064d0000 - 0x000000000663f000 	C:\Program Files\MATLAB\R2013b\bin\win64\mvm.dll
0x000007fefdd20000 - 0x000007fefdd4e000 	C:\Windows\system32\IMM32.DLL
0x000007fefd6a0000 - 0x000007fefd7a9000 	C:\Windows\system32\MSCTF.dll
0x000000006ae60000 - 0x000000006ae99000 	C:\PROGRA~2\Sophos\SOPHOS~1\SOPHOS~2.DLL
0x000007fefbb10000 - 0x000007fefbb66000 	C:\Windows\system32\UxTheme.dll

VM Arguments:
jvm_args: -XX:PermSize=32m -Xms64m -XX:NewRatio=3 -XX:MaxPermSize=128m -Xmx384m -XX:MaxDirectMemorySize=2147400000 -Dsun.java2d.noddraw=true -Dsun.awt.nopixfmt=true -Xshare:off -Xrs -XX:-UseSplitVerifier -Djava.library.path=C:\Program Files\MATLAB\R2013b\bin\win64;C:\Program Files\MATLAB\R2013b\sys\jxbrowser\win64\lib vfprintf abort -Duser.language=de -Duser.country=DE -XX:ParallelGCThreads=6 
java_command: <unknown>
Launcher Type: generic

Environment Variables:
PATH=C:\Program Files (x86)\Common Files\Intel\Shared Files\cpp\bin\Intel64;C:\Program Files (x86)\Intel\iCLS Client\;C:\Program Files\Intel\iCLS Client\;C:\Windows\system32;C:\Windows;C:\Windows\System32\Wbem;C:\Windows\System32\WindowsPowerShell\v1.0\;C:\Program Files (x86)\GTK2-Runtime\bin;C:\Program Files\Intel\Intel(R) Management Engine Components\DAL;C:\Program Files (x86)\Intel\Intel(R) Management Engine Components\DAL;C:\Program Files\Intel\Intel(R) Management Engine Components\IPT;C:\Program Files (x86)\Intel\Intel(R) Management Engine Components\IPT;C:\Program Files\MATLAB\R2014a\runtime\win64;C:\Program Files\MATLAB\R2014a\bin;C:\Program Files\MiKTeX 2.9\miktex\bin\x64\;C:\Program Files (x86)\Common Files\Siemens\System;C:\Program Files (x86)\IVI Foundation\VISA\WinNT\Bin\;C:\Program Files\IVI Foundation\VISA\Win64\Bin\;C:\Program Files (x86)\IVI Foundation\VISA\WinNT\Bin;C:\Program Files (x86)\IVI Foundation\IVI\bin;C:\Program Files\IVI Foundation\IVI\bin;C:\Program Files (x86)\Microsoft SQL Server\80\Tools\Binn\;c:\Program Files (x86)\Microsoft SQL Server\100\Tools\Binn\;c:\Program Files (x86)\Microsoft SQL Server\100\DTS\Binn\;C:\Program Files\MATLAB\R2013b\runtime\win64;C:\Program Files\MATLAB\R2013b\bin;C:\MetroPro\bin;;C:\Program Files\Zygo\VisionPro Server;C:\Program Files (x86)\Skype\Phone\;C:\Program Files (x86)\NVIDIA Corporation\PhysX\Common;C:\Windows\System32\WindowsPowerShell\v1.0\;C:\Program Files (x86)\SSH Communications Security\SSH Secure Shell;C:\Users\albach29\AppData\Local\atom\bin;C:\Users\albach29\AppData\Roaming\Dashlane\4.6.2.19264\bin\Firefox_Extension\{442718d9-475e-452a-b3e1-fb1ee16b8e9f}\components
USERNAME=albach29
OS=Windows_NT
PROCESSOR_IDENTIFIER=Intel64 Family 6 Model 60 Stepping 3, GenuineIntel



---------------  S Y S T E M  ---------------

OS: Windows 7 , 64 bit Build 7601 Service Pack 1

CPU:total 8 (4 cores per cpu, 2 threads per core) family 6 model 60 stepping 3, cmov, cx8, fxsr, mmx, sse, sse2, sse3, ssse3, sse4.1, sse4.2, popcnt, avx, avx2, ht, tsc, tscinvbit

Memory: 4k page, physical 16692760k(8829044k free), swap 33383660k(25748600k free)

vm_info: Java HotSpot(TM) 64-Bit Server VM (23.6-b04) for windows-amd64 JRE (1.7.0_11-b21), built on Jan 12 2013 02:38:42 by "java_re" with unknown MS VC++:1600

time: Fri Nov 04 08:21:57 2016
elapsed time: 57216 seconds

